<?xml version="1.0" encoding="UTF-8"?>
<!-- Generated by org.testng.reporters.JUnitReportReporter -->
<testsuite skipped="0" hostname="DESKTOP-IVH825I" name="com.actitime.testScript1.com.TaskModule" tests="3" failures="0" timestamp="2023-03-03T09:04:23 PST" time="0.000" errors="0">
  <testcase name="createTask" time="0.000" classname="com.actitime.testScript1.com.TaskModule"/>
  <system-out>
    <![CDATA[createTask]]>
  </system-out>
  <testcase name="deleteTask" time="0.000" classname="com.actitime.testScript1.com.TaskModule"/>
  <system-out>
    <![CDATA[deleteTask]]>
  </system-out>
  <testcase name="modifyTask" time="0.000" classname="com.actitime.testScript1.com.TaskModule"/>
  <system-out>
    <![CDATA[modifyTask]]>
  </system-out>
</testsuite> <!-- com.actitime.testScript1.com.TaskModule -->
