<?xml version="1.0" encoding="UTF-8"?>
<!-- Generated by org.testng.reporters.JUnitReportReporter -->
<testsuite skipped="0" hostname="DESKTOP-IVH825I" name="com.actitime.testscript.TaskModule" tests="3" failures="0" timestamp="2023-02-27T06:18:23 PST" time="0.014" errors="0">
  <testcase name="createTask" time="0.004" classname="com.actitime.testscript.TaskModule"/>
  <system-out>
    <![CDATA[createTask]]>
  </system-out>
  <testcase name="modifyTask" time="0.004" classname="com.actitime.testscript.TaskModule"/>
  <system-out>
    <![CDATA[modifyTask]]>
  </system-out>
  <testcase name="deleteTask" time="0.006" classname="com.actitime.testscript.TaskModule"/>
  <system-out>
    <![CDATA[deleteTask]]>
  </system-out>
</testsuite> <!-- com.actitime.testscript.TaskModule -->
