<?xml version="1.0" encoding="UTF-8"?>
<!-- Generated by org.testng.reporters.JUnitReportReporter -->
<testsuite skipped="0" hostname="DESKTOP-IVH825I" name="com.actitime.testscript.CustomerModule" tests="1" failures="0" timestamp="2023-02-27T06:24:04 PST" time="0.017" errors="0">
  <testcase name="createCustomer" time="0.017" classname="com.actitime.testscript.CustomerModule"/>
  <system-out>
    <![CDATA[createCustomer]]>
  </system-out>
</testsuite> <!-- com.actitime.testscript.CustomerModule -->
