<?xml version="1.0" encoding="UTF-8"?>
<!-- Generated by org.testng.reporters.JUnitReportReporter -->
<testsuite skipped="0" hostname="DESKTOP-IVH825I" name="com.actitime.testscript.ProjectModule" tests="3" failures="0" timestamp="2023-02-27T06:18:23 PST" time="0.036" errors="0">
  <testcase name="modifyProject" time="0.008" classname="com.actitime.testscript.ProjectModule"/>
  <system-out>
    <![CDATA[modifyProject]]>
  </system-out>
  <testcase name="createProject" time="0.021" classname="com.actitime.testscript.ProjectModule"/>
  <system-out>
    <![CDATA[createProject]]>
  </system-out>
  <testcase name="deleteProject" time="0.007" classname="com.actitime.testscript.ProjectModule"/>
  <system-out>
    <![CDATA[deleteProject]]>
  </system-out>
</testsuite> <!-- com.actitime.testscript.ProjectModule -->
